Determining if the pthread_create exist failed with the following output:
Change Dir: /home/nora/gitrepos/group_05/stopSignRecognition/building/CMakeFiles/CMakeTmp

Run Build Command:"/usr/bin/make" "cmTC_7d044/fast"
/usr/bin/make -f CMakeFiles/cmTC_7d044.dir/build.make CMakeFiles/cmTC_7d044.dir/build
make[1]: Entering directory '/home/nora/gitrepos/group_05/stopSignRecognition/building/CMakeFiles/CMakeTmp'
Building C object CMakeFiles/cmTC_7d044.dir/CheckSymbolExists.c.o
/usr/bin/cc    -o CMakeFiles/cmTC_7d044.dir/CheckSymbolExists.c.o   -c /home/nora/gitrepos/group_05/stopSignRecognition/building/CMakeFiles/CMakeTmp/CheckSymbolExists.c
Linking C executable cmTC_7d044
/usr/bin/cmake -E cmake_link_script CMakeFiles/cmTC_7d044.dir/link.txt --verbose=1
/usr/bin/cc    -static-libgcc -static-libstdc++  -rdynamic CMakeFiles/cmTC_7d044.dir/CheckSymbolExists.c.o  -o cmTC_7d044 
CMakeFiles/cmTC_7d044.dir/CheckSymbolExists.c.o: In function `main':
CheckSymbolExists.c:(.text+0x1b): undefined reference to `pthread_create'
collect2: error: ld returned 1 exit status
CMakeFiles/cmTC_7d044.dir/build.make:97: recipe for target 'cmTC_7d044' failed
make[1]: *** [cmTC_7d044] Error 1
make[1]: Leaving directory '/home/nora/gitrepos/group_05/stopSignRecognition/building/CMakeFiles/CMakeTmp'
Makefile:126: recipe for target 'cmTC_7d044/fast' failed
make: *** [cmTC_7d044/fast] Error 2

File /home/nora/gitrepos/group_05/stopSignRecognition/building/CMakeFiles/CMakeTmp/CheckSymbolExists.c:
/* */
#include <pthread.h>

int main(int argc, char** argv)
{
  (void)argv;
#ifndef pthread_create
  return ((int*)(&pthread_create))[argc];
#else
  (void)argc;
  return 0;
#endif
}

